<?xml version="1.0" encoding="UTF-8"?>
<!-- Generated by org.testng.reporters.JUnitReportReporter -->
<testsuite hostname="DESKTOP-HP40EV9" failures="0" tests="1" name="testClass.TestClassForCreatingAccount" time="10.493" errors="0" timestamp="2023-10-27T15:45:40 IST" skipped="0">
  <testcase classname="testClass.TestClassForCreatingAccount" name="CreatingAccount" time="10.493"/>
  <system-out/>
</testsuite> <!-- testClass.TestClassForCreatingAccount -->
