<?xml version="1.0" encoding="UTF-8"?>
<!-- Generated by org.testng.reporters.JUnitReportReporter -->
<testsuite hostname="DESKTOP-HP40EV9" failures="0" tests="1" name="testClass.NewTabAndWindowsTestClass" time="3.131" errors="0" timestamp="2023-10-26T18:09:19 IST" skipped="0">
  <testcase classname="testClass.NewTabAndWindowsTestClass" name="CreatingAccount" time="3.131"/>
  <system-out/>
</testsuite> <!-- testClass.NewTabAndWindowsTestClass -->
