<?xml version="1.0" encoding="UTF-8"?>
<!-- Generated by org.testng.reporters.JUnitReportReporter -->
<testsuite hostname="DESKTOP-HP40EV9" failures="0" tests="4" name="testClass.SearchAddEditDeleteTestClass" time="10.566" errors="0" timestamp="2023-10-27T15:45:40 IST" skipped="0">
  <testcase classname="testClass.SearchAddEditDeleteTestClass" name="CheckSearchFunctionality" time="0.997"/>
  <system-out/>
  <testcase classname="testClass.SearchAddEditDeleteTestClass" name="CheckAddToCartFunctionality" time="2.152"/>
  <system-out/>
  <testcase classname="testClass.SearchAddEditDeleteTestClass" name="CheckEditFunctionality" time="5.196"/>
  <system-out/>
  <testcase classname="testClass.SearchAddEditDeleteTestClass" name="DeleteFunctionality" time="2.221"/>
  <system-out/>
</testsuite> <!-- testClass.SearchAddEditDeleteTestClass -->
