<?xml version="1.0" encoding="UTF-8"?>
<!-- Generated by org.testng.reporters.JUnitReportReporter -->
<testsuite hostname="DESKTOP-HP40EV9" failures="0" tests="1" name="testClass.LoginTestClass" time="5.310" errors="0" timestamp="2023-10-27T15:45:40 IST" skipped="0">
  <testcase classname="testClass.LoginTestClass" name="CheckLoginFunctionality" time="5.310"/>
  <system-out/>
</testsuite> <!-- testClass.LoginTestClass -->
