<?xml version="1.0" encoding="UTF-8"?>
<!-- Generated by org.testng.reporters.JUnitReportReporter -->
<testsuite hostname="DESKTOP-HP40EV9" failures="0" tests="1" name="testClass.FirstTestCaseClass" time="0.639" errors="0" timestamp="2023-10-25T19:34:23 IST" skipped="0">
  <testcase classname="testClass.FirstTestCaseClass" name="ValidateUserID" time="0.639"/>
  <system-out/>
</testsuite> <!-- testClass.FirstTestCaseClass -->
