<?xml version="1.0" encoding="UTF-8"?>
<!-- Generated by org.testng.reporters.JUnitReportReporter -->
<testsuite hostname="DESKTOP-HP40EV9" failures="0" tests="1" name="testClass.secondTestCaseClass" time="8.672" errors="0" timestamp="2023-10-25T19:35:07 IST" skipped="0">
  <testcase classname="testClass.secondTestCaseClass" name="ValidateLogOutButton" time="8.672"/>
  <system-out/>
</testsuite> <!-- testClass.secondTestCaseClass -->
